2018-11-15 12:27:58,476 INFO  [main] stencyl.sw.Session: Logfile: C:\Users\Eterzian1914\Desktop\stencylworks\stencylworks\logs\2018-11-15_12-27-58.log
2018-11-15 12:27:58,476 INFO  [main] stencyl.sw.Session: OS Name: Windows 10
2018-11-15 12:27:58,476 INFO  [main] stencyl.sw.Session: OS Version: 10.0 (64-bit)
2018-11-15 12:27:58,476 INFO  [main] stencyl.sw.Session: Java Version: 1.8.0_60
2018-11-15 12:27:58,476 INFO  [main] stencyl.sw.Session: Java Home Environment Variable (JAVA_HOME): not set
2018-11-15 12:27:58,492 INFO  [main] stencyl.sw.Session: Stencyl Version: 3.4.0.beta4 (b9300)
2018-11-15 12:27:58,492 INFO  [main] stencyl.sw.Session: Stencyl Workspace: C:\Users\Eterzian1914\Desktop\stencylworks\
2018-11-15 12:27:58,492 INFO  [main] stencyl.sw.Session: User Working Directory: C:\Program Files (x86)\Stencyl
2018-11-15 12:27:58,492 INFO  [main] stencyl.sw.Session: User Home Directory: C:\Users\Eterzian1914
2018-11-15 12:27:58,492 INFO  [main] stencyl.sw.Session: System Path: C:\Program Files (x86)\Intel\iCLS Client\;C:\Program Files\Intel\iCLS Client\;C:\WINDOWS\system32;C:\WINDOWS;C:\WINDOWS\System32\Wbem;C:\WINDOWS\System32\WindowsPowerShell\v1.0\;C:\WINDOWS\System32\OpenSSH\;C:\Program Files (x86)\Intel\Intel(R) Management Engine Components\DAL;C:\Program Files\Intel\Intel(R) Management Engine Components\DAL;C:\Program Files (x86)\Intel\Intel(R) Management Engine Components\IPT;C:\Program Files\Intel\Intel(R) Management Engine Components\IPT;C:\Program Files (x86)\WebEx\Productivity Tools;C:\Users\Eterzian1914\AppData\Local\Microsoft\WindowsApps;C:\Users\Eterzian1914\AppData\Local\GitHubDesktop\bin;C:\Program Files (x86)\Stencyl\runtimes\jre-win\bin
2018-11-15 12:27:58,539 DEBUG [main] stencyl.sw.util.FileHelper: Deleting: C:\Users\ETERZI~1\AppData\Local\Temp\stencyl3909064481934445361
2018-11-15 12:27:58,539 DEBUG [main] stencyl.sw.loc.LanguagePack: Reading... lang\en\global-phrases.lang
2018-11-15 12:27:58,539 DEBUG [main] stencyl.sw.loc.LanguagePack: Reading... lang\en\global-errors.lang
2018-11-15 12:27:58,539 DEBUG [main] stencyl.sw.loc.LanguagePack: Reading... lang\en\global-menu.lang
2018-11-15 12:27:58,539 DEBUG [main] stencyl.sw.loc.LanguagePack: Reading... lang\en\global-welcome.lang
2018-11-15 12:27:58,539 DEBUG [main] stencyl.sw.loc.LanguagePack: Reading... lang\en\global-dashboard.lang
2018-11-15 12:27:58,554 DEBUG [main] stencyl.sw.loc.LanguagePack: Reading... lang\en\global-publish.lang
2018-11-15 12:27:58,554 DEBUG [main] stencyl.sw.loc.LanguagePack: Reading... lang\en\global-updater.lang
2018-11-15 12:27:58,554 DEBUG [main] stencyl.sw.loc.LanguagePack: Reading... lang\en\global-chat.lang
2018-11-15 12:27:58,554 DEBUG [main] stencyl.sw.loc.LanguagePack: Reading... lang\en\global-misc.lang
2018-11-15 12:27:58,554 DEBUG [main] stencyl.sw.loc.LanguagePack: Reading... lang\en\global-forge.lang
2018-11-15 12:27:58,554 DEBUG [main] stencyl.sw.loc.LanguagePack: Reading... lang\en\global-prefs.lang
2018-11-15 12:27:58,554 DEBUG [main] stencyl.sw.loc.LanguagePack: Reading... lang\en\global-creategame.lang
2018-11-15 12:27:58,554 DEBUG [main] stencyl.sw.loc.LanguagePack: Reading... lang\en\behavior-main.lang
2018-11-15 12:27:58,554 DEBUG [main] stencyl.sw.loc.LanguagePack: Reading... lang\en\behavior-blocks.lang
2018-11-15 12:27:58,570 DEBUG [main] stencyl.sw.loc.LanguagePack: Reading... lang\en\behavior-blockhelp.lang
2018-11-15 12:27:58,570 DEBUG [main] stencyl.sw.loc.LanguagePack: Reading... lang\en\behavior-events.lang
2018-11-15 12:27:58,570 DEBUG [main] stencyl.sw.loc.LanguagePack: Reading... lang\en\behavior-code.lang
2018-11-15 12:27:58,570 DEBUG [main] stencyl.sw.loc.LanguagePack: Reading... lang\en\behavior-attributes.lang
2018-11-15 12:27:58,570 DEBUG [main] stencyl.sw.loc.LanguagePack: Reading... lang\en\behavior-create.lang
2018-11-15 12:27:58,570 DEBUG [main] stencyl.sw.loc.LanguagePack: Reading... lang\en\behavior-byob.lang
2018-11-15 12:27:58,570 DEBUG [main] stencyl.sw.loc.LanguagePack: Reading... lang\en\editor-actor-main.lang
2018-11-15 12:27:58,570 DEBUG [main] stencyl.sw.loc.LanguagePack: Reading... lang\en\editor-actor-physics.lang
2018-11-15 12:27:58,570 DEBUG [main] stencyl.sw.loc.LanguagePack: Reading... lang\en\editor-background.lang
2018-11-15 12:27:58,570 DEBUG [main] stencyl.sw.loc.LanguagePack: Reading... lang\en\editor-behaviorchooser.lang
2018-11-15 12:27:58,570 DEBUG [main] stencyl.sw.loc.LanguagePack: Reading... lang\en\editor-desktop.lang
2018-11-15 12:27:58,570 DEBUG [main] stencyl.sw.loc.LanguagePack: Reading... lang\en\editor-font.lang
2018-11-15 12:27:58,570 DEBUG [main] stencyl.sw.loc.LanguagePack: Reading... lang\en\editor-sound.lang
2018-11-15 12:27:58,570 DEBUG [main] stencyl.sw.loc.LanguagePack: Reading... lang\en\editor-tileset.lang
2018-11-15 12:27:58,570 DEBUG [main] stencyl.sw.loc.LanguagePack: Reading... lang\en\editor-preloader.lang
2018-11-15 12:27:58,570 DEBUG [main] stencyl.sw.loc.LanguagePack: Reading... lang\en\editor-mobile.lang
2018-11-15 12:27:58,570 DEBUG [main] stencyl.sw.loc.LanguagePack: Reading... lang\en\editor-groups.lang
2018-11-15 12:27:58,570 DEBUG [main] stencyl.sw.loc.LanguagePack: Reading... lang\en\editor-attributes.lang
2018-11-15 12:27:58,570 DEBUG [main] stencyl.sw.loc.LanguagePack: Reading... lang\en\editor-input.lang
2018-11-15 12:27:58,570 DEBUG [main] stencyl.sw.loc.LanguagePack: Reading... lang\en\editor-animation.lang
2018-11-15 12:27:58,570 DEBUG [main] stencyl.sw.loc.LanguagePack: Reading... lang\en\editor-scene-main.lang
2018-11-15 12:27:58,570 DEBUG [main] stencyl.sw.loc.LanguagePack: Reading... lang\en\editor-scene-create.lang
2018-11-15 12:27:58,570 DEBUG [main] stencyl.sw.loc.LanguagePack: Reading... lang\en\editor-scene-tools.lang
2018-11-15 12:27:58,570 DEBUG [main] stencyl.sw.loc.LanguagePack: Reading... lang\en\global-phrases.lang
2018-11-15 12:27:58,570 DEBUG [main] stencyl.sw.loc.LanguagePack: Reading... lang\en\global-errors.lang
2018-11-15 12:27:58,570 DEBUG [main] stencyl.sw.loc.LanguagePack: Reading... lang\en\global-menu.lang
2018-11-15 12:27:58,570 DEBUG [main] stencyl.sw.loc.LanguagePack: Reading... lang\en\global-welcome.lang
2018-11-15 12:27:58,570 DEBUG [main] stencyl.sw.loc.LanguagePack: Reading... lang\en\global-dashboard.lang
2018-11-15 12:27:58,570 DEBUG [main] stencyl.sw.loc.LanguagePack: Reading... lang\en\global-publish.lang
2018-11-15 12:27:58,570 DEBUG [main] stencyl.sw.loc.LanguagePack: Reading... lang\en\global-updater.lang
2018-11-15 12:27:58,570 DEBUG [main] stencyl.sw.loc.LanguagePack: Reading... lang\en\global-chat.lang
2018-11-15 12:27:58,570 DEBUG [main] stencyl.sw.loc.LanguagePack: Reading... lang\en\global-misc.lang
2018-11-15 12:27:58,570 DEBUG [main] stencyl.sw.loc.LanguagePack: Reading... lang\en\global-forge.lang
2018-11-15 12:27:58,570 DEBUG [main] stencyl.sw.loc.LanguagePack: Reading... lang\en\global-prefs.lang
2018-11-15 12:27:58,570 DEBUG [main] stencyl.sw.loc.LanguagePack: Reading... lang\en\global-creategame.lang
2018-11-15 12:27:58,570 DEBUG [main] stencyl.sw.loc.LanguagePack: Reading... lang\en\behavior-main.lang
2018-11-15 12:27:58,570 DEBUG [main] stencyl.sw.loc.LanguagePack: Reading... lang\en\behavior-blocks.lang
2018-11-15 12:27:58,586 DEBUG [main] stencyl.sw.loc.LanguagePack: Reading... lang\en\behavior-blockhelp.lang
2018-11-15 12:27:58,586 DEBUG [main] stencyl.sw.loc.LanguagePack: Reading... lang\en\behavior-events.lang
2018-11-15 12:27:58,586 DEBUG [main] stencyl.sw.loc.LanguagePack: Reading... lang\en\behavior-code.lang
2018-11-15 12:27:58,586 DEBUG [main] stencyl.sw.loc.LanguagePack: Reading... lang\en\behavior-attributes.lang
2018-11-15 12:27:58,586 DEBUG [main] stencyl.sw.loc.LanguagePack: Reading... lang\en\behavior-create.lang
2018-11-15 12:27:58,586 DEBUG [main] stencyl.sw.loc.LanguagePack: Reading... lang\en\behavior-byob.lang
2018-11-15 12:27:58,586 DEBUG [main] stencyl.sw.loc.LanguagePack: Reading... lang\en\editor-actor-main.lang
2018-11-15 12:27:58,586 DEBUG [main] stencyl.sw.loc.LanguagePack: Reading... lang\en\editor-actor-physics.lang
2018-11-15 12:27:58,586 DEBUG [main] stencyl.sw.loc.LanguagePack: Reading... lang\en\editor-background.lang
2018-11-15 12:27:58,586 DEBUG [main] stencyl.sw.loc.LanguagePack: Reading... lang\en\editor-behaviorchooser.lang
2018-11-15 12:27:58,586 DEBUG [main] stencyl.sw.loc.LanguagePack: Reading... lang\en\editor-desktop.lang
2018-11-15 12:27:58,586 DEBUG [main] stencyl.sw.loc.LanguagePack: Reading... lang\en\editor-font.lang
2018-11-15 12:27:58,586 DEBUG [main] stencyl.sw.loc.LanguagePack: Reading... lang\en\editor-sound.lang
2018-11-15 12:27:58,586 DEBUG [main] stencyl.sw.loc.LanguagePack: Reading... lang\en\editor-tileset.lang
2018-11-15 12:27:58,586 DEBUG [main] stencyl.sw.loc.LanguagePack: Reading... lang\en\editor-preloader.lang
2018-11-15 12:27:58,586 DEBUG [main] stencyl.sw.loc.LanguagePack: Reading... lang\en\editor-mobile.lang
2018-11-15 12:27:58,586 DEBUG [main] stencyl.sw.loc.LanguagePack: Reading... lang\en\editor-groups.lang
2018-11-15 12:27:58,586 DEBUG [main] stencyl.sw.loc.LanguagePack: Reading... lang\en\editor-attributes.lang
2018-11-15 12:27:58,586 DEBUG [main] stencyl.sw.loc.LanguagePack: Reading... lang\en\editor-input.lang
2018-11-15 12:27:58,586 DEBUG [main] stencyl.sw.loc.LanguagePack: Reading... lang\en\editor-animation.lang
2018-11-15 12:27:58,586 DEBUG [main] stencyl.sw.loc.LanguagePack: Reading... lang\en\editor-scene-main.lang
2018-11-15 12:27:58,586 DEBUG [main] stencyl.sw.loc.LanguagePack: Reading... lang\en\editor-scene-create.lang
2018-11-15 12:27:58,586 DEBUG [main] stencyl.sw.loc.LanguagePack: Reading... lang\en\editor-scene-tools.lang
2018-11-15 12:27:58,586 INFO  [AWT-EventQueue-0] stencyl.sw.SW: Initializing Stencyl.
2018-11-15 12:27:58,586 DEBUG [AWT-EventQueue-0] stencyl.sw.Splash: Set Splash message: Look
2018-11-15 12:27:59,211 INFO  [AWT-EventQueue-0] stencyl.sw.ext.ExtensionDependencyManager: Extension Dependencies: {STENCYL={=stencyl--3.4.0.beta4}, HAXELIB={console=haxelib-console-1.0.0, polygonal-printf=haxelib-polygonal-printf-1.0.0.beta, stencyl-cppia=haxelib-stencyl-cppia-1.0.0, hxcpp=haxelib-hxcpp-3.2.0, swf=haxelib-swf-1.7.4, box2d=haxelib-box2d-1.11.0, svg=haxelib-svg-1.0.8, lime=haxelib-lime-2.9.1, format=haxelib-format-3.1.2, actuate=haxelib-actuate-1.8.6, stencyl=haxelib-stencyl-1.0.0, layout=haxelib-layout-1.1.0, hxtelemetry=haxelib-hxtelemetry-0.3.1, openfl=haxelib-openfl-3.6.1, tilelayer=haxelib-tilelayer-0.2.1, polygonal-ds=haxelib-polygonal-ds-1.4.1, box2d-fake=haxelib-box2d-fake-1.11.0}, JAVA={=java--1.8.0}, ENGINE={}, TOOLSET={}}
2018-11-15 12:27:59,211 DEBUG [AWT-EventQueue-0] stencyl.sw.util.FileHelper: Matching (non-hidden) files within C:\Users\Eterzian1914\Desktop\stencylworks\stencylworks\extensions: []
2018-11-15 12:27:59,211 DEBUG [AWT-EventQueue-0] stencyl.sw.util.FileHelper: Matching (non-hidden) files within C:\Users\Eterzian1914\Desktop\stencylworks\stencylworks\extensions: []
2018-11-15 12:27:59,211 DEBUG [AWT-EventQueue-0] stencyl.sw.editors.game.advanced.EngineExtensionManager: Loading engine extensions...
2018-11-15 12:27:59,211 DEBUG [AWT-EventQueue-0] stencyl.sw.util.FileHelper: Directories within C:\Users\Eterzian1914\Desktop\stencylworks\stencylworks\engine-extensions: [C:\Users\Eterzian1914\Desktop\stencylworks\stencylworks\engine-extensions\ads, C:\Users\Eterzian1914\Desktop\stencylworks\stencylworks\engine-extensions\gamecenter, C:\Users\Eterzian1914\Desktop\stencylworks\stencylworks\engine-extensions\gestures, C:\Users\Eterzian1914\Desktop\stencylworks\stencylworks\engine-extensions\google, C:\Users\Eterzian1914\Desktop\stencylworks\stencylworks\engine-extensions\joystick, C:\Users\Eterzian1914\Desktop\stencylworks\stencylworks\engine-extensions\label, C:\Users\Eterzian1914\Desktop\stencylworks\stencylworks\engine-extensions\native, C:\Users\Eterzian1914\Desktop\stencylworks\stencylworks\engine-extensions\purchases, C:\Users\Eterzian1914\Desktop\stencylworks\stencylworks\engine-extensions\test, C:\Users\Eterzian1914\Desktop\stencylworks\stencylworks\engine-extensions\test-flash, C:\Users\Eterzian1914\Desktop\stencylworks\stencylworks\engine-extensions\test-native]
2018-11-15 12:27:59,211 DEBUG [AWT-EventQueue-0] stencyl.sw.editors.game.advanced.EngineExtensionManager: ads is a core engine extension. Skip.
2018-11-15 12:27:59,211 DEBUG [AWT-EventQueue-0] stencyl.sw.editors.game.advanced.EngineExtensionManager: gamecenter is a core engine extension. Skip.
2018-11-15 12:27:59,211 DEBUG [AWT-EventQueue-0] stencyl.sw.editors.game.advanced.EngineExtensionManager: gestures is a core engine extension. Skip.
2018-11-15 12:27:59,211 DEBUG [AWT-EventQueue-0] stencyl.sw.editors.game.advanced.EngineExtensionManager: google is not a valid engine extension. Skip.
2018-11-15 12:27:59,211 DEBUG [AWT-EventQueue-0] stencyl.sw.editors.game.advanced.EngineExtensionManager: joystick is a core engine extension. Skip.
2018-11-15 12:27:59,211 DEBUG [AWT-EventQueue-0] stencyl.sw.editors.game.advanced.EngineExtensionManager: label is engine extension: Labels (1.0.0).
2018-11-15 12:27:59,211 DEBUG [AWT-EventQueue-0] stencyl.sw.editors.game.advanced.EngineExtensionManager: native is a core engine extension. Skip.
2018-11-15 12:27:59,211 DEBUG [AWT-EventQueue-0] stencyl.sw.editors.game.advanced.EngineExtensionManager: purchases is a core engine extension. Skip.
2018-11-15 12:27:59,211 DEBUG [AWT-EventQueue-0] stencyl.sw.editors.game.advanced.EngineExtensionManager: test is engine extension: Test Extension (1.0.0).
2018-11-15 12:27:59,211 DEBUG [AWT-EventQueue-0] stencyl.sw.editors.game.advanced.EngineExtensionManager: test-flash is engine extension: Test Extension (Flash SWF) (1.0.0).
2018-11-15 12:27:59,211 DEBUG [AWT-EventQueue-0] stencyl.sw.editors.game.advanced.EngineExtensionManager: test-native is engine extension: Test Extension (Native) (1.0.0).
2018-11-15 12:27:59,211 INFO  [AWT-EventQueue-0] stencyl.sw.editors.game.advanced.EngineExtensionManager: Engine Extensions: [Labels (1.0.0), Test Extension (1.0.0), Test Extension (Flash SWF) (1.0.0), Test Extension (Native) (1.0.0)]
2018-11-15 12:27:59,226 INFO  [AWT-EventQueue-0] stencyl.sw.app.ExtensionManager: Toolset Extensions: []
2018-11-15 12:27:59,367 DEBUG [AWT-EventQueue-0] stencyl.sw.app.doc.Workspace: Activated: Welcome Center
2018-11-15 12:27:59,367 DEBUG [AWT-EventQueue-0] stencyl.sw.app.App: Silent Authentication.
2018-11-15 12:27:59,382 DEBUG [AWT-EventQueue-0] stencyl.sw.Splash: Dispose Splash
2018-11-15 12:27:59,445 DEBUG [pool-1-thread-1] stencyl.sw.app.tasks.AuthenticateTask: Response: user:::plans0
2018-11-15 12:27:59,445 DEBUG [pool-1-thread-1] stencyl.sw.util.FileHelper: Deleting: C:\Users\Eterzian1914\Desktop\stencylworks\stencylworks\prefs\auth.txt
2018-11-15 12:27:59,461 INFO  [pool-1-thread-1] stencyl.sw.app.tasks.AuthenticateTask: Logged in as: Eterzian1914
2018-11-15 12:27:59,461 INFO  [pool-1-thread-1] stencyl.sw.app.tasks.AuthenticateTask: Usergroup: Registered
2018-11-15 12:27:59,554 DEBUG [pool-1-thread-1] stencyl.sw.app.tasks.AuthenticateTask: 200
2018-11-15 12:28:01,320 DEBUG [AWT-EventQueue-0] stencyl.sw.util.FileHelper: Deleting: C:\Users\Eterzian1914\AppData\Local\Temp\stencyl3909064481934445361\sandbox\test\temp
2018-11-15 12:28:01,320 DEBUG [AWT-EventQueue-0] stencyl.sw.util.FileHelper: Deleting: C:\Users\Eterzian1914\Desktop\stencylworks\stencylworks\preview\scripts
2018-11-15 12:28:01,320 DEBUG [AWT-EventQueue-0] stencyl.sw.util.FileHelper: Deleting: C:\Users\Eterzian1914\Desktop\stencylworks\stencylworks\preview\game
2018-11-15 12:28:01,320 INFO  [AWT-EventQueue-0] stencyl.sw.app.tasks.OpenGameTask: Opening game: Platformer E
2018-11-15 12:28:01,335 DEBUG [pool-1-thread-1] stencyl.core.lib.Game: Loading scene-specific snippet. SceneID: 0
2018-11-15 12:28:01,351 DEBUG [pool-1-thread-1] stencyl.core.lib.Game: Loading actor-specific snippet. ActorID: 2
2018-11-15 12:28:01,351 DEBUG [pool-1-thread-1] stencyl.core.lib.Game: Loading actor-specific snippet. ActorID: 4
2018-11-15 12:28:01,351 DEBUG [pool-1-thread-1] stencyl.core.lib.Game: Loading actor-specific snippet. ActorID: 8
2018-11-15 12:28:01,366 DEBUG [pool-1-thread-1] stencyl.core.lib.Game: Loading scene-specific snippet. SceneID: 1
2018-11-15 12:28:01,366 DEBUG [pool-1-thread-1] stencyl.core.lib.Game: Loading scene-specific snippet. SceneID: 2
2018-11-15 12:28:01,366 DEBUG [pool-1-thread-1] stencyl.core.lib.Game: Loading actor-specific snippet. ActorID: 20
2018-11-15 12:28:01,366 DEBUG [pool-1-thread-1] stencyl.core.lib.Game: Loading actor-specific snippet. ActorID: 22
2018-11-15 12:28:01,366 DEBUG [pool-1-thread-1] stencyl.core.lib.Game: Loading actor-specific snippet. ActorID: 24
2018-11-15 12:28:01,366 DEBUG [pool-1-thread-1] stencyl.core.lib.Game: Loading actor-specific snippet. ActorID: 26
2018-11-15 12:28:01,366 DEBUG [pool-1-thread-1] stencyl.core.lib.Game: Loading scene-specific snippet. SceneID: 3
2018-11-15 12:28:01,366 DEBUG [pool-1-thread-1] stencyl.core.lib.Game: Loading scene-specific snippet. SceneID: 4
2018-11-15 12:28:01,366 DEBUG [pool-1-thread-1] stencyl.core.lib.Game: Loading scene-specific snippet. SceneID: 5
2018-11-15 12:28:01,366 DEBUG [pool-1-thread-1] stencyl.core.lib.Game: Loading actor-specific snippet. ActorID: 28
2018-11-15 12:28:01,366 DEBUG [pool-1-thread-1] stencyl.core.lib.Game: Loading actor-specific snippet. ActorID: 31
2018-11-15 12:28:01,366 DEBUG [pool-1-thread-1] stencyl.core.lib.Game: Loading actor-specific snippet. ActorID: 34
2018-11-15 12:28:01,366 DEBUG [pool-1-thread-1] stencyl.core.lib.Game: Loading actor-specific snippet. ActorID: 36
2018-11-15 12:28:01,382 DEBUG [pool-1-thread-1] stencyl.core.lib.Game: Loading actor-specific snippet. ActorID: 38
2018-11-15 12:28:01,382 DEBUG [pool-1-thread-1] stencyl.core.lib.Game: Loading scene-specific snippet. SceneID: 6
2018-11-15 12:28:01,382 DEBUG [pool-1-thread-1] stencyl.core.lib.Game: Loading actor-specific snippet. ActorID: 40
2018-11-15 12:28:01,382 DEBUG [pool-1-thread-1] stencyl.core.lib.ResourceList: Initializing... 40 : Block
2018-11-15 12:28:01,382 DEBUG [pool-1-thread-1] stencyl.core.lib.ResourceList: Initializing... 41 : Block
2018-11-15 12:28:01,382 DEBUG [pool-1-thread-1] stencyl.core.lib.ResourceList: Initializing... 8 : Blue Coin
2018-11-15 12:28:01,382 DEBUG [pool-1-thread-1] stencyl.core.lib.ResourceList: Initializing... 9 : Blue Coin
2018-11-15 12:28:01,398 DEBUG [pool-1-thread-1] stencyl.core.lib.ResourceList: Initializing... 7 : Death Sound 1
2018-11-15 12:28:01,398 DEBUG [pool-1-thread-1] stencyl.core.lib.ResourceList: Initializing... 2 : Diver
2018-11-15 12:28:01,398 DEBUG [pool-1-thread-1] stencyl.core.lib.ResourceList: Initializing... 3 : Diver
2018-11-15 12:28:01,398 DEBUG [pool-1-thread-1] stencyl.core.lib.ResourceList: Initializing... 20 : evil Blob
2018-11-15 12:28:01,398 DEBUG [pool-1-thread-1] stencyl.core.lib.ResourceList: Initializing... 21 : evil Blob
2018-11-15 12:28:01,398 DEBUG [pool-1-thread-1] stencyl.core.lib.ResourceList: Initializing... 11 : Game Over
2018-11-15 12:28:01,398 DEBUG [pool-1-thread-1] stencyl.core.lib.ResourceList: Initializing... 10 : Gmer
2018-11-15 12:28:01,398 DEBUG [pool-1-thread-1] stencyl.core.lib.ResourceList: Initializing... 24 : Lever
2018-11-15 12:28:01,413 DEBUG [pool-1-thread-1] stencyl.core.lib.ResourceList: Initializing... 25 : Lever
2018-11-15 12:28:01,413 DEBUG [pool-1-thread-1] stencyl.core.lib.ResourceList: Initializing... 18 : Mushroom
2018-11-15 12:28:01,413 DEBUG [pool-1-thread-1] stencyl.core.lib.ResourceList: Initializing... 30 : Notes Backround
2018-11-15 12:28:01,429 DEBUG [pool-1-thread-1] stencyl.core.lib.ResourceList: Initializing... 28 : OK Button
2018-11-15 12:28:01,429 DEBUG [pool-1-thread-1] stencyl.core.lib.ResourceList: Initializing... 29 : OK Button
2018-11-15 12:28:01,429 DEBUG [pool-1-thread-1] stencyl.core.lib.ResourceList: Initializing... 38 : Pause Button
2018-11-15 12:28:01,429 DEBUG [pool-1-thread-1] stencyl.core.lib.ResourceList: Initializing... 39 : Pause Button
2018-11-15 12:28:01,429 DEBUG [pool-1-thread-1] stencyl.core.lib.ResourceList: Initializing... 34 : Question Mark
2018-11-15 12:28:01,429 DEBUG [pool-1-thread-1] stencyl.core.lib.ResourceList: Initializing... 35 : Question Mark
2018-11-15 12:28:01,429 DEBUG [pool-1-thread-1] stencyl.core.lib.ResourceList: Initializing... 31 : Rock Boss
2018-11-15 12:28:01,429 DEBUG [pool-1-thread-1] stencyl.core.lib.ResourceList: Initializing... 32 : Rock Boss
2018-11-15 12:28:01,429 DEBUG [pool-1-thread-1] stencyl.core.lib.ResourceList: Initializing... 33 : Rocky Cavern
2018-11-15 12:28:01,429 DEBUG [pool-1-thread-1] stencyl.core.lib.ResourceList: Initializing... 22 : Star Coin
2018-11-15 12:28:01,429 DEBUG [pool-1-thread-1] stencyl.core.lib.ResourceList: Initializing... 23 : Star Coin
2018-11-15 12:28:01,429 DEBUG [pool-1-thread-1] stencyl.core.lib.ResourceList: Initializing... 36 : Start Button
2018-11-15 12:28:01,429 DEBUG [pool-1-thread-1] stencyl.core.lib.ResourceList: Initializing... 37 : Start Button
2018-11-15 12:28:01,429 DEBUG [pool-1-thread-1] stencyl.core.lib.ResourceList: Initializing... 26 : Time Coin
2018-11-15 12:28:01,429 DEBUG [pool-1-thread-1] stencyl.core.lib.ResourceList: Initializing... 27 : Time Coin
2018-11-15 12:28:01,429 DEBUG [pool-1-thread-1] stencyl.core.lib.ResourceList: Initializing... 0 : Underwater Set
2018-11-15 12:28:01,445 DEBUG [pool-1-thread-1] stencyl.core.lib.ResourceList: Initializing... 4 : Unhappy Pufferfish
2018-11-15 12:28:01,445 DEBUG [pool-1-thread-1] stencyl.core.lib.ResourceList: Initializing... 5 : Unhappy Pufferfish
2018-11-15 12:28:01,445 DEBUG [pool-1-thread-1] stencyl.core.engine.sound.ISoundClip: Loading Sound 7
2018-11-15 12:28:01,445 DEBUG [pool-1-thread-1] stencyl.core.engine.sound.ISoundClip: Loading Sound 18
2018-11-15 12:28:01,523 DEBUG [AWT-EventQueue-0] stencyl.core.lib.io.read.SceneReader: Reading header for Scene: 5 (Notes) from: scenes\5.xml
2018-11-15 12:28:01,523 DEBUG [AWT-EventQueue-0] stencyl.core.lib.io.read.SceneReader: Reading header for Scene: 5 (Notes) from: scenes\5.xml
2018-11-15 12:28:01,585 DEBUG [AWT-EventQueue-0] stencyl.sw.app.doc.Workspace: Activated: Dashboard
2018-11-15 12:28:01,585 DEBUG [AWT-EventQueue-0] stencyl.sw.util.FileHelper: Trying to delete file that does not exist: C:\Users\Eterzian1914\AppData\Local\Temp\stencyl3909064481934445361\sandbox\build\code
2018-11-15 12:28:01,585 DEBUG [AWT-EventQueue-0] stencyl.sw.util.FileHelper: Deleting: C:\Users\Eterzian1914\AppData\Local\Temp\stencyl3909064481934445361\sandbox\test\temp
2018-11-15 12:28:01,585 DEBUG [AWT-EventQueue-0] stencyl.core.lib.io.read.SceneReader: Reading header for Scene: 5 (Notes) from: scenes\5.xml
2018-11-15 12:28:01,648 DEBUG [AWT-EventQueue-0] stencyl.sw.app.tasks.OpenGameTask: Took 328ms
2018-11-15 12:28:01,898 DEBUG [AWT-EventQueue-0] stencyl.sw.editors.game.attributes.AttributeTree: Loading attribute into tree: Boss health
2018-11-15 12:28:01,898 DEBUG [AWT-EventQueue-0] stencyl.sw.editors.game.attributes.AttributeTree: Loading attribute into tree: Kill Timer
2018-11-15 12:28:01,913 DEBUG [AWT-EventQueue-0] stencyl.sw.editors.game.attributes.AttributeTree: Loading attribute into tree: Hero Number
2018-11-15 12:28:01,913 DEBUG [AWT-EventQueue-0] stencyl.sw.editors.game.attributes.AttributeTree: Loading attribute into tree: Kill Timer Done
2018-11-15 12:28:01,913 DEBUG [AWT-EventQueue-0] stencyl.sw.editors.game.attributes.AttributeTree: Loading attribute into tree: pause_scene
2018-11-15 12:28:01,913 DEBUG [AWT-EventQueue-0] stencyl.sw.editors.game.attributes.AttributeTree: Loading attribute into tree: D Death
2018-11-15 12:28:01,929 DEBUG [AWT-EventQueue-0] stencyl.sw.editors.game.attributes.AttributeTree: Loading attribute into tree: Time Points
2018-11-15 12:28:01,929 DEBUG [AWT-EventQueue-0] stencyl.sw.editors.game.attributes.AttributeTree: Loading attribute into tree: First Key Press
2018-11-15 12:28:01,929 DEBUG [AWT-EventQueue-0] stencyl.sw.editors.game.attributes.AttributeTree: Loading attribute into tree: Secret
2018-11-15 12:28:01,929 DEBUG [AWT-EventQueue-0] stencyl.sw.editors.game.attributes.AttributeTree: Loading attribute into tree: Hero Y
2018-11-15 12:28:01,944 DEBUG [AWT-EventQueue-0] stencyl.sw.editors.game.attributes.AttributeTree: Loading attribute into tree: Points
2018-11-15 12:28:01,944 DEBUG [AWT-EventQueue-0] stencyl.sw.editors.game.attributes.AttributeTree: Loading attribute into tree: Hero X
2018-11-15 12:28:01,944 DEBUG [AWT-EventQueue-0] stencyl.sw.editors.game.attributes.AttributeTree: Loading attribute into tree: Lever Activation
2018-11-15 12:28:01,944 DEBUG [AWT-EventQueue-0] stencyl.sw.editors.game.attributes.AttributeTree: Loading attribute into tree: Scene Number
2018-11-15 12:28:01,991 DEBUG [AWT-EventQueue-0] stencyl.sw.editors.game.cgroups.CollisionGroupTree: Loading actor group into tree: Actors
2018-11-15 12:28:01,991 DEBUG [AWT-EventQueue-0] stencyl.sw.editors.game.cgroups.CollisionGroupTree: Loading actor group into tree: Doodads
2018-11-15 12:28:02,007 DEBUG [AWT-EventQueue-0] stencyl.sw.editors.game.cgroups.CollisionGroupTree: Loading actor group into tree: Players
2018-11-15 12:28:02,007 DEBUG [AWT-EventQueue-0] stencyl.sw.editors.game.cgroups.CollisionGroupTree: Loading actor group into tree: Regions
2018-11-15 12:28:02,007 DEBUG [AWT-EventQueue-0] stencyl.sw.editors.game.cgroups.CollisionGroupTree: Loading actor group into tree: Tiles
2018-11-15 12:28:02,413 DEBUG [AWT-EventQueue-0] stencyl.core.lib.Atlas: Getting memory for atlas 0
2018-11-15 12:28:02,413 DEBUG [AWT-EventQueue-0] stencyl.core.lib.Atlas: Added resource 'Underwater Set' to atlas 0
2018-11-15 12:28:02,413 DEBUG [AWT-EventQueue-0] stencyl.core.lib.Atlas: Added resource 'Diver' to atlas 0
2018-11-15 12:28:02,413 DEBUG [AWT-EventQueue-0] stencyl.core.lib.Atlas: Added resource 'Unhappy Pufferfish' to atlas 0
2018-11-15 12:28:02,413 DEBUG [AWT-EventQueue-0] stencyl.core.lib.Atlas: Added resource 'Death Sound 1' to atlas 0
2018-11-15 12:28:02,413 DEBUG [AWT-EventQueue-0] stencyl.core.lib.Atlas: Added resource 'Blue Coin' to atlas 0
2018-11-15 12:28:02,413 DEBUG [AWT-EventQueue-0] stencyl.core.lib.Atlas: Added resource 'Gmer' to atlas 0
2018-11-15 12:28:02,413 DEBUG [AWT-EventQueue-0] stencyl.core.lib.Atlas: Added resource 'Game Over' to atlas 0
2018-11-15 12:28:02,413 DEBUG [AWT-EventQueue-0] stencyl.core.lib.Atlas: Added resource 'Mushroom' to atlas 0
2018-11-15 12:28:02,413 DEBUG [AWT-EventQueue-0] stencyl.core.lib.Atlas: Added resource 'evil Blob' to atlas 0
2018-11-15 12:28:02,413 DEBUG [AWT-EventQueue-0] stencyl.core.lib.Atlas: Added resource 'Star Coin' to atlas 0
2018-11-15 12:28:02,413 DEBUG [AWT-EventQueue-0] stencyl.core.lib.Atlas: Added resource 'Lever' to atlas 0
2018-11-15 12:28:02,413 DEBUG [AWT-EventQueue-0] stencyl.core.lib.Atlas: Added resource 'Time Coin' to atlas 0
2018-11-15 12:28:02,413 DEBUG [AWT-EventQueue-0] stencyl.core.lib.Atlas: Added resource 'OK Button' to atlas 0
2018-11-15 12:28:02,413 DEBUG [AWT-EventQueue-0] stencyl.core.lib.Atlas: Added resource 'Notes Backround' to atlas 0
2018-11-15 12:28:02,413 DEBUG [AWT-EventQueue-0] stencyl.core.lib.Atlas: Added resource 'Rock Boss' to atlas 0
2018-11-15 12:28:02,413 DEBUG [AWT-EventQueue-0] stencyl.core.lib.Atlas: Added resource 'Rocky Cavern' to atlas 0
2018-11-15 12:28:02,413 DEBUG [AWT-EventQueue-0] stencyl.core.lib.Atlas: Added resource 'Question Mark' to atlas 0
2018-11-15 12:28:02,413 DEBUG [AWT-EventQueue-0] stencyl.core.lib.Atlas: Added resource 'Start Button' to atlas 0
2018-11-15 12:28:02,413 DEBUG [AWT-EventQueue-0] stencyl.core.lib.Atlas: Added resource 'Pause Button' to atlas 0
2018-11-15 12:28:02,413 DEBUG [AWT-EventQueue-0] stencyl.core.lib.Atlas: Added resource 'Block' to atlas 0
2018-11-15 12:28:02,413 DEBUG [AWT-EventQueue-0] stencyl.core.lib.Atlas: Getting memory for atlas 1
2018-11-15 12:28:02,413 DEBUG [AWT-EventQueue-0] stencyl.core.lib.Atlas: Getting memory for atlas 2
2018-11-15 12:28:02,429 DEBUG [AWT-EventQueue-0] stencyl.core.lib.Atlas: Getting memory for atlas 3
2018-11-15 12:28:02,444 DEBUG [AWT-EventQueue-0] stencyl.core.lib.io.read.SceneReader: Reading header for Scene: 0 (Scene) from: scenes\0.xml
2018-11-15 12:28:02,460 DEBUG [AWT-EventQueue-0] stencyl.core.lib.io.read.SceneReader: Reading header for Scene: 1 (Scene 2) from: scenes\1.xml
2018-11-15 12:28:02,460 DEBUG [AWT-EventQueue-0] stencyl.core.lib.io.read.SceneReader: Reading header for Scene: 2 (Scene 3) from: scenes\2.xml
2018-11-15 12:28:02,460 DEBUG [AWT-EventQueue-0] stencyl.core.lib.io.read.SceneReader: Reading header for Scene: 3 (Scene 4) from: scenes\3.xml
2018-11-15 12:28:02,460 DEBUG [AWT-EventQueue-0] stencyl.core.lib.io.read.SceneReader: Reading header for Scene: 4 (Scene 5 Boss) from: scenes\4.xml
2018-11-15 12:28:02,460 DEBUG [AWT-EventQueue-0] stencyl.core.lib.io.read.SceneReader: Reading header for Scene: 5 (Notes) from: scenes\5.xml
2018-11-15 12:28:02,460 DEBUG [AWT-EventQueue-0] stencyl.core.lib.io.read.SceneReader: Reading header for Scene: 6 (Pause Screen) from: scenes\6.xml
2018-11-15 12:28:02,491 DEBUG [AWT-EventQueue-0] stencyl.sw.editors.game.attributes.AttributeTree: Loading attribute into tree: Boss health
2018-11-15 12:28:02,491 DEBUG [AWT-EventQueue-0] stencyl.sw.editors.game.attributes.AttributeTree: Loading attribute into tree: Kill Timer
2018-11-15 12:28:02,507 DEBUG [AWT-EventQueue-0] stencyl.sw.editors.game.attributes.AttributeTree: Loading attribute into tree: Hero Number
2018-11-15 12:28:02,507 DEBUG [AWT-EventQueue-0] stencyl.sw.editors.game.attributes.AttributeTree: Loading attribute into tree: Kill Timer Done
2018-11-15 12:28:02,507 DEBUG [AWT-EventQueue-0] stencyl.sw.editors.game.attributes.AttributeTree: Loading attribute into tree: pause_scene
2018-11-15 12:28:02,507 DEBUG [AWT-EventQueue-0] stencyl.sw.editors.game.attributes.AttributeTree: Loading attribute into tree: D Death
2018-11-15 12:28:02,522 DEBUG [AWT-EventQueue-0] stencyl.sw.editors.game.attributes.AttributeTree: Loading attribute into tree: Time Points
2018-11-15 12:28:02,522 DEBUG [AWT-EventQueue-0] stencyl.sw.editors.game.attributes.AttributeTree: Loading attribute into tree: First Key Press
2018-11-15 12:28:02,522 DEBUG [AWT-EventQueue-0] stencyl.sw.editors.game.attributes.AttributeTree: Loading attribute into tree: Secret
2018-11-15 12:28:02,522 DEBUG [AWT-EventQueue-0] stencyl.sw.editors.game.attributes.AttributeTree: Loading attribute into tree: Hero Y
2018-11-15 12:28:02,522 DEBUG [AWT-EventQueue-0] stencyl.sw.editors.game.attributes.AttributeTree: Loading attribute into tree: Points
2018-11-15 12:28:02,522 DEBUG [AWT-EventQueue-0] stencyl.sw.editors.game.attributes.AttributeTree: Loading attribute into tree: Hero X
2018-11-15 12:28:02,538 DEBUG [AWT-EventQueue-0] stencyl.sw.editors.game.attributes.AttributeTree: Loading attribute into tree: Lever Activation
2018-11-15 12:28:02,538 DEBUG [AWT-EventQueue-0] stencyl.sw.editors.game.attributes.AttributeTree: Loading attribute into tree: Scene Number
2018-11-15 12:28:02,554 DEBUG [AWT-EventQueue-0] stencyl.sw.editors.game.cgroups.CollisionGroupTree: Loading actor group into tree: Actors
2018-11-15 12:28:02,554 DEBUG [AWT-EventQueue-0] stencyl.sw.editors.game.cgroups.CollisionGroupTree: Loading actor group into tree: Doodads
2018-11-15 12:28:02,569 DEBUG [AWT-EventQueue-0] stencyl.sw.editors.game.cgroups.CollisionGroupTree: Loading actor group into tree: Players
2018-11-15 12:28:02,569 DEBUG [AWT-EventQueue-0] stencyl.sw.editors.game.cgroups.CollisionGroupTree: Loading actor group into tree: Regions
2018-11-15 12:28:02,569 DEBUG [AWT-EventQueue-0] stencyl.sw.editors.game.cgroups.CollisionGroupTree: Loading actor group into tree: Tiles
2018-11-15 12:28:02,788 DEBUG [AWT-EventQueue-0] stencyl.core.lib.io.read.SceneReader: Reading header for Scene: 0 (Scene) from: scenes\0.xml
2018-11-15 12:28:02,788 DEBUG [AWT-EventQueue-0] stencyl.core.lib.io.read.SceneReader: Reading header for Scene: 1 (Scene 2) from: scenes\1.xml
2018-11-15 12:28:02,788 DEBUG [AWT-EventQueue-0] stencyl.core.lib.io.read.SceneReader: Reading header for Scene: 2 (Scene 3) from: scenes\2.xml
2018-11-15 12:28:02,788 DEBUG [AWT-EventQueue-0] stencyl.core.lib.io.read.SceneReader: Reading header for Scene: 3 (Scene 4) from: scenes\3.xml
2018-11-15 12:28:02,788 DEBUG [AWT-EventQueue-0] stencyl.core.lib.io.read.SceneReader: Reading header for Scene: 4 (Scene 5 Boss) from: scenes\4.xml
2018-11-15 12:28:02,788 DEBUG [AWT-EventQueue-0] stencyl.core.lib.io.read.SceneReader: Reading header for Scene: 5 (Notes) from: scenes\5.xml
2018-11-15 12:28:02,788 DEBUG [AWT-EventQueue-0] stencyl.core.lib.io.read.SceneReader: Reading header for Scene: 6 (Pause Screen) from: scenes\6.xml
2018-11-15 12:28:04,429 DEBUG [AWT-EventQueue-0] stencyl.sw.app.doc.Workspace: Loading Closed Resource: Diver
2018-11-15 12:28:04,491 DEBUG [AWT-EventQueue-0] stencyl.sw.editors.behavior.SnippetSheet: Field Count: 0
2018-11-15 12:28:04,491 DEBUG [AWT-EventQueue-0] stencyl.sw.editors.behavior.SnippetSheet: Field Count: 4
2018-11-15 12:28:04,506 DEBUG [AWT-EventQueue-0] stencyl.sw.editors.behavior.SnippetSheet: Field Count: 0
2018-11-15 12:28:04,506 DEBUG [AWT-EventQueue-0] stencyl.sw.editors.behavior.SnippetSheet: Field Count: 4
2018-11-15 12:28:04,538 DEBUG [pool-1-thread-1] stencyl.sw.editors.actor.collision.PreviewPanel: Selected: 1 [X,Y: 6, 0 ]
2018-11-15 12:28:04,569 DEBUG [pool-1-thread-1] stencyl.sw.editors.actor.collision.PreviewPanel: Selected: 1 [X,Y: 0, 0 ]
2018-11-15 12:28:04,585 DEBUG [pool-1-thread-1] stencyl.sw.editors.actor.collision.PreviewPanel: Selected: 1 [X,Y: 0, 0 ]
2018-11-15 12:28:04,600 DEBUG [pool-1-thread-1] stencyl.sw.editors.actor.collision.PreviewPanel: Selected: 1 [X,Y: 0, 0 ]
2018-11-15 12:28:04,616 DEBUG [pool-1-thread-1] stencyl.sw.editors.actor.collision.PreviewPanel: Selected: 1 [X,Y: 0, 0 ]
2018-11-15 12:28:04,616 DEBUG [pool-1-thread-1] stencyl.sw.editors.actor.collision.PreviewPanel: Selected: 1 [X,Y: 0, 0 ]
2018-11-15 12:28:04,678 DEBUG [pool-1-thread-1] stencyl.sw.editors.snippet.designer.EditArea: Verifying Top Level... step
2018-11-15 12:28:04,725 DEBUG [pool-1-thread-1] stencyl.sw.editors.snippet.designer.EditArea: Verifying Top Level... step
2018-11-15 12:28:04,725 DEBUG [pool-1-thread-1] stencyl.sw.editors.snippet.designer.block.BlockField: Result for: setanim - true
2018-11-15 12:28:04,725 DEBUG [pool-1-thread-1] stencyl.sw.editors.snippet.designer.block.BlockField: Result for: eq - true
2018-11-15 12:28:04,725 DEBUG [pool-1-thread-1] stencyl.sw.editors.snippet.designer.block.BlockField: Result for: setanim - true
2018-11-15 12:28:04,725 DEBUG [pool-1-thread-1] stencyl.sw.editors.snippet.designer.block.BlockField: Result for: eq - true
2018-11-15 12:28:04,725 DEBUG [pool-1-thread-1] stencyl.sw.editors.snippet.designer.block.BlockField: Result for: setanim - true
2018-11-15 12:28:04,725 DEBUG [pool-1-thread-1] stencyl.sw.editors.snippet.designer.block.BlockField: Result for: eq - true
2018-11-15 12:28:04,725 DEBUG [pool-1-thread-1] stencyl.sw.editors.snippet.designer.block.BlockField: Result for: setanim - true
2018-11-15 12:28:04,725 DEBUG [pool-1-thread-1] stencyl.sw.editors.snippet.designer.block.BlockField: Result for: eq - true
2018-11-15 12:28:04,725 DEBUG [pool-1-thread-1] stencyl.sw.editors.snippet.designer.block.BlockField: Result for: setanim - true
2018-11-15 12:28:04,725 DEBUG [pool-1-thread-1] stencyl.sw.editors.snippet.designer.block.BlockField: Result for: eq - true
2018-11-15 12:28:04,725 DEBUG [pool-1-thread-1] stencyl.sw.editors.snippet.designer.block.BlockField: Result for: setanim - true
2018-11-15 12:28:04,725 DEBUG [pool-1-thread-1] stencyl.sw.editors.snippet.designer.block.BlockField: Result for: eq - true
2018-11-15 12:28:04,725 DEBUG [pool-1-thread-1] stencyl.sw.editors.snippet.designer.block.BlockField: Result for: setanim - true
2018-11-15 12:28:04,741 DEBUG [pool-1-thread-1] stencyl.sw.editors.snippet.designer.EditArea: Verifying Top Level... event-actor-create-kill
2018-11-15 12:28:04,741 DEBUG [pool-1-thread-1] stencyl.sw.editors.snippet.designer.block.BlockField: Result for: set-game-val-2 - true
2018-11-15 12:28:04,756 DEBUG [pool-1-thread-1] stencyl.sw.editors.snippet.designer.EditArea: Verifying Top Level... event-collide-actortogroup
2018-11-15 12:28:04,756 DEBUG [pool-1-thread-1] stencyl.sw.editors.snippet.designer.block.BlockField: Result for: set-fric-bounce - true
2018-11-15 12:28:04,756 DEBUG [pool-1-thread-1] stencyl.sw.editors.snippet.designer.block.BlockField: Result for: set-fric-bounce - true
2018-11-15 12:28:04,772 DEBUG [pool-1-thread-1] stencyl.sw.editors.snippet.designer.EditArea: Verifying Top Level... step
2018-11-15 12:28:04,772 DEBUG [pool-1-thread-1] stencyl.sw.editors.snippet.designer.block.BlockField: Result for: eq - true
2018-11-15 12:28:04,819 DEBUG [pool-1-thread-1] stencyl.sw.editors.snippet.designer.palette.Palette: Palette asked to refresh: Conditions
2018-11-15 12:28:04,819 DEBUG [pool-1-thread-1] stencyl.sw.editors.snippet.designer.palette.Palette: Refreshing with context [[b]1]
2018-11-15 12:28:05,022 DEBUG [pool-1-thread-1] stencyl.sw.editors.snippet.designer.palette.Palette: Palette asked to refresh: Position
2018-11-15 12:28:05,022 DEBUG [pool-1-thread-1] stencyl.sw.editors.snippet.designer.palette.Palette: Refreshing with context [[b]1]
2018-11-15 12:28:05,163 DEBUG [pool-1-thread-1] stencyl.sw.editors.snippet.designer.palette.Palette: Palette asked to refresh: Actors
2018-11-15 12:28:05,163 DEBUG [pool-1-thread-1] stencyl.sw.editors.snippet.designer.palette.Palette: Refreshing with context [[b]1]
2018-11-15 12:28:05,225 DEBUG [pool-1-thread-1] stencyl.sw.editors.snippet.designer.palette.Palette: Palette asked to refresh: Math
2018-11-15 12:28:05,225 DEBUG [pool-1-thread-1] stencyl.sw.editors.snippet.designer.palette.Palette: Refreshing with context [[b]1]
2018-11-15 12:28:05,272 DEBUG [pool-1-thread-1] stencyl.sw.editors.snippet.designer.palette.Palette: Palette asked to refresh: Getters
2018-11-15 12:28:05,272 DEBUG [pool-1-thread-1] stencyl.sw.editors.snippet.designer.palette.Palette: Refreshing with context [[b]1]
2018-11-15 12:28:05,272 DEBUG [pool-1-thread-1] stencyl.sw.editors.snippet.designer.palette.Palette: Palette asked to refresh: Getters
2018-11-15 12:28:05,272 DEBUG [pool-1-thread-1] stencyl.sw.editors.snippet.designer.palette.Palette: Refreshing with context [[b]1]
2018-11-15 12:28:05,319 DEBUG [pool-1-thread-1] stencyl.sw.editors.snippet.designer.palette.Palette: Palette asked to refresh: Keyboard & Mouse
2018-11-15 12:28:05,319 DEBUG [pool-1-thread-1] stencyl.sw.editors.snippet.designer.palette.Palette: Refreshing with context [[b]1]
2018-11-15 12:28:05,350 DEBUG [pool-1-thread-1] stencyl.sw.editors.snippet.designer.palette.Palette: Palette asked to refresh: Triggers
2018-11-15 12:28:05,350 DEBUG [pool-1-thread-1] stencyl.sw.editors.snippet.designer.palette.Palette: Refreshing with context [[b]1]
2018-11-15 12:28:05,397 DEBUG [pool-1-thread-1] stencyl.sw.editors.snippet.designer.palette.Palette: Palette asked to refresh: Web
2018-11-15 12:28:05,397 DEBUG [pool-1-thread-1] stencyl.sw.editors.snippet.designer.palette.Palette: Refreshing with context [[b]1]
2018-11-15 12:28:05,428 DEBUG [pool-1-thread-1] stencyl.sw.editors.snippet.designer.palette.Palette: Palette asked to refresh: Drawing
2018-11-15 12:28:05,428 DEBUG [pool-1-thread-1] stencyl.sw.editors.snippet.designer.palette.Palette: Refreshing with context [[b]1]
2018-11-15 12:28:05,506 DEBUG [pool-1-thread-1] stencyl.sw.editors.snippet.designer.palette.Palette: Palette asked to refresh: Images
2018-11-15 12:28:05,506 DEBUG [pool-1-thread-1] stencyl.sw.editors.snippet.designer.palette.Palette: Refreshing with context [[b]1]
2018-11-15 12:28:05,537 DEBUG [pool-1-thread-1] stencyl.sw.editors.snippet.designer.palette.Palette: Palette asked to refresh: Sounds
2018-11-15 12:28:05,537 DEBUG [pool-1-thread-1] stencyl.sw.editors.snippet.designer.palette.Palette: Refreshing with context [[b]1]
2018-11-15 12:28:05,569 DEBUG [pool-1-thread-1] stencyl.sw.editors.snippet.designer.palette.Palette: Palette asked to refresh: Basic
2018-11-15 12:28:05,569 DEBUG [pool-1-thread-1] stencyl.sw.editors.snippet.designer.palette.Palette: Refreshing with context [[b]1]
2018-11-15 12:28:05,584 DEBUG [pool-1-thread-1] stencyl.sw.editors.snippet.designer.palette.Palette: Palette asked to refresh: Custom
2018-11-15 12:28:05,584 DEBUG [pool-1-thread-1] stencyl.sw.editors.snippet.designer.palette.Palette: Refreshing with context [[b]1]
2018-11-15 12:28:05,584 DEBUG [pool-1-thread-1] stencyl.sw.editors.snippet.designer.palette.Palette: Palette asked to refresh: Extensions
2018-11-15 12:28:05,584 DEBUG [pool-1-thread-1] stencyl.sw.editors.snippet.designer.palette.Palette: Refreshing with context [[b]1]
2018-11-15 12:28:05,584 DEBUG [pool-1-thread-1] stencyl.sw.editors.snippet.designer.palette.Palette: Palette asked to refresh: Conditions
2018-11-15 12:28:05,631 DEBUG [pool-1-thread-1] stencyl.sw.editors.snippet.designer.EditArea: ContextSet for current event: [[e]1-1, [b]1, [h]engine:com.stencyl.Engine, [c]com.stencyl.behavior.Script, [s]com.stencyl.behavior.Script]
2018-11-15 12:28:05,631 DEBUG [pool-1-thread-1] stencyl.sw.editors.snippet.designer.palette.Palette: Palette asked to refresh: Conditions
2018-11-15 12:28:05,631 DEBUG [pool-1-thread-1] stencyl.sw.editors.snippet.designer.palette.Palette: Refreshing with context [[e]1-1, [b]1, [h]engine:com.stencyl.Engine, [c]com.stencyl.behavior.Script, [s]com.stencyl.behavior.Script]
2018-11-15 12:28:05,866 DEBUG [AWT-EventQueue-0] stencyl.sw.app.doc.Workspace: Activated: Diver
2018-11-15 12:28:05,866 DEBUG [pool-1-thread-1] stencyl.sw.app.tasks.OpenResourceTask: Open Took 1437ms
2018-11-15 12:28:05,928 DEBUG [AWT-EventQueue-0] stencyl.sw.app.tasks.OpenResourceTask: Total Took 1499ms
2018-11-15 12:28:08,709 DEBUG [AWT-EventQueue-0] stencyl.sw.editors.snippet.designer.EditArea: ContextSet for current event: [[b]1, [h]engine:com.stencyl.Engine, [e]1-3, [c]com.stencyl.behavior.Script, [s]com.stencyl.behavior.Script]
2018-11-15 12:28:08,709 DEBUG [AWT-EventQueue-0] stencyl.sw.editors.snippet.designer.palette.Palette: Palette asked to refresh: Conditions
2018-11-15 12:28:08,709 DEBUG [AWT-EventQueue-0] stencyl.sw.editors.snippet.designer.palette.Palette: Refreshing with context [[b]1, [h]engine:com.stencyl.Engine, [e]1-3, [c]com.stencyl.behavior.Script, [s]com.stencyl.behavior.Script]
2018-11-15 12:28:08,834 DEBUG [AWT-EventQueue-0] stencyl.sw.editors.snippet.designer.palette.Palette: Palette asked to refresh: Conditions
2018-11-15 12:28:09,303 DEBUG [AWT-EventQueue-0] stencyl.sw.editors.snippet.designer.EditArea: ContextSet for current event: [[b]1, [e]1-5, [h]engine:com.stencyl.Engine, [c]com.stencyl.behavior.Script, [s]com.stencyl.behavior.Script]
2018-11-15 12:28:09,303 DEBUG [AWT-EventQueue-0] stencyl.sw.editors.snippet.designer.palette.Palette: Palette asked to refresh: Conditions
2018-11-15 12:28:09,303 DEBUG [AWT-EventQueue-0] stencyl.sw.editors.snippet.designer.palette.Palette: Refreshing with context [[b]1, [e]1-5, [h]engine:com.stencyl.Engine, [c]com.stencyl.behavior.Script, [s]com.stencyl.behavior.Script]
2018-11-15 12:28:09,396 DEBUG [AWT-EventQueue-0] stencyl.sw.editors.snippet.designer.palette.Palette: Palette asked to refresh: Conditions
2018-11-15 12:28:09,990 DEBUG [AWT-EventQueue-0] stencyl.sw.editors.snippet.designer.EditArea: ContextSet for current event: [[b]1, [h]engine:com.stencyl.Engine, [e]1-2, [c]com.stencyl.behavior.Script, [s]com.stencyl.behavior.Script]
2018-11-15 12:28:09,990 DEBUG [AWT-EventQueue-0] stencyl.sw.editors.snippet.designer.palette.Palette: Palette asked to refresh: Conditions
2018-11-15 12:28:09,990 DEBUG [AWT-EventQueue-0] stencyl.sw.editors.snippet.designer.palette.Palette: Refreshing with context [[b]1, [h]engine:com.stencyl.Engine, [e]1-2, [c]com.stencyl.behavior.Script, [s]com.stencyl.behavior.Script]
2018-11-15 12:28:10,099 DEBUG [AWT-EventQueue-0] stencyl.sw.editors.snippet.designer.palette.Palette: Palette asked to refresh: Conditions
2018-11-15 12:28:15,145 DEBUG [AWT-EventQueue-0] stencyl.sw.editors.snippet.designer.EditArea: ContextSet for current event: [[e]1-4, [b]1, [h]event:com.stencyl.models.actor.Collision, [h]engine:com.stencyl.Engine, [c]com.stencyl.behavior.Script, [s]com.stencyl.behavior.Script]
2018-11-15 12:28:15,145 DEBUG [AWT-EventQueue-0] stencyl.sw.editors.snippet.designer.palette.Palette: Palette asked to refresh: Conditions
2018-11-15 12:28:15,145 DEBUG [AWT-EventQueue-0] stencyl.sw.editors.snippet.designer.palette.Palette: Refreshing with context [[e]1-4, [b]1, [h]event:com.stencyl.models.actor.Collision, [h]engine:com.stencyl.Engine, [c]com.stencyl.behavior.Script, [s]com.stencyl.behavior.Script]
2018-11-15 12:28:15,270 DEBUG [AWT-EventQueue-0] stencyl.sw.editors.snippet.designer.palette.Palette: Palette asked to refresh: Conditions
2018-11-15 13:35:33,345 DEBUG [AWT-EventQueue-0] stencyl.sw.app.App: Action: Close Game
2018-11-15 13:35:34,471 INFO  [pool-1-thread-2] stencyl.sw.io.write.MasterWriter: Saving game in place.
2018-11-15 13:35:34,486 DEBUG [pool-1-thread-2] stencyl.sw.util.FileHelper: Saving backup file C:\Users\Eterzian1914\Desktop\stencylworks\stencylworks\games\Platformer E\game.xml.bak.
2018-11-15 13:35:35,939 DEBUG [pool-1-thread-2] stencyl.sw.io.write.MasterWriter: Writing out local resources.
2018-11-15 13:35:35,955 DEBUG [pool-1-thread-2] stencyl.sw.util.FileHelper: Saving backup file C:\Users\Eterzian1914\Desktop\stencylworks\stencylworks\games\Platformer E\resources\data.xml.bak.
2018-11-15 13:35:35,955 DEBUG [pool-1-thread-2] stencyl.sw.io.write.resource.SpriteWriter: Mark actor's sprite as clean (disk).
2018-11-15 13:35:35,955 DEBUG [pool-1-thread-2] stencyl.sw.io.write.resource.SpriteWriter: Mark actor's sprite as clean (disk).
2018-11-15 13:35:35,955 DEBUG [pool-1-thread-2] stencyl.sw.editors.snippet.designer.block.Block: Write out thisActor
2018-11-15 13:35:35,955 DEBUG [pool-1-thread-2] stencyl.sw.editors.snippet.designer.block.Block: Write out thisActor
2018-11-15 13:35:35,955 DEBUG [pool-1-thread-2] stencyl.sw.editors.snippet.designer.block.Block: Write out thisActor
2018-11-15 13:35:35,955 DEBUG [pool-1-thread-2] stencyl.sw.editors.snippet.designer.block.Block: Write out thisActor
2018-11-15 13:35:35,955 DEBUG [pool-1-thread-2] stencyl.sw.editors.snippet.designer.block.Block: Write out thisActor
2018-11-15 13:35:35,955 DEBUG [pool-1-thread-2] stencyl.sw.editors.snippet.designer.block.Block: Write out thisActor
2018-11-15 13:35:35,955 DEBUG [pool-1-thread-2] stencyl.sw.editors.snippet.designer.block.Block: Write out thisActor
2018-11-15 13:35:35,955 DEBUG [pool-1-thread-2] stencyl.sw.editors.snippet.designer.block.Block: Write out thisActor
2018-11-15 13:35:35,955 DEBUG [pool-1-thread-2] stencyl.sw.editors.snippet.designer.block.Block: Write out thisActor
2018-11-15 13:35:35,955 DEBUG [pool-1-thread-2] stencyl.sw.editors.snippet.designer.block.Block: Write out thisActor
2018-11-15 13:35:35,955 DEBUG [pool-1-thread-2] stencyl.sw.editors.snippet.designer.block.Block: Write out thisActor
2018-11-15 13:35:35,955 DEBUG [pool-1-thread-2] stencyl.sw.editors.snippet.designer.block.Block: Write out thisActor
2018-11-15 13:35:35,955 DEBUG [pool-1-thread-2] stencyl.sw.editors.snippet.designer.block.Block: Write out thisActor
2018-11-15 13:35:35,955 DEBUG [pool-1-thread-2] stencyl.sw.editors.snippet.designer.block.Block: Write out thisActor
2018-11-15 13:35:35,955 DEBUG [pool-1-thread-2] stencyl.sw.editors.snippet.designer.block.Block: Write out thisActor
2018-11-15 13:35:35,955 DEBUG [pool-1-thread-2] stencyl.sw.editors.snippet.designer.block.Block: Write out thisActor
2018-11-15 13:35:35,955 DEBUG [pool-1-thread-2] stencyl.sw.editors.snippet.designer.block.Block: Write out thisActor
2018-11-15 13:35:35,955 DEBUG [pool-1-thread-2] stencyl.sw.editors.snippet.designer.block.Block: Write out thisActor
2018-11-15 13:35:35,955 DEBUG [pool-1-thread-2] stencyl.sw.editors.snippet.designer.block.Block: Write out thisActor
2018-11-15 13:35:35,955 DEBUG [pool-1-thread-2] stencyl.sw.editors.snippet.designer.block.Block: Write out generic element ID: 1
2018-11-15 13:35:35,955 DEBUG [pool-1-thread-2] stencyl.sw.editors.snippet.designer.block.Block: Write out thisActor
2018-11-15 13:35:36,017 DEBUG [pool-1-thread-2] stencyl.sw.editors.behavior.SnippetSheet: Saving Snippet: Kill Code
2018-11-15 13:35:36,017 DEBUG [pool-1-thread-2] stencyl.sw.editors.behavior.SnippetSheet: Instance Value: thisactor
2018-11-15 13:35:36,017 DEBUG [pool-1-thread-2] stencyl.sw.editors.behavior.SnippetSheet: Saving Snippet: Movement
2018-11-15 13:35:36,017 DEBUG [pool-1-thread-2] stencyl.sw.editors.behavior.SnippetSheet: Instance Value: thisactor
2018-11-15 13:35:36,017 DEBUG [pool-1-thread-2] stencyl.sw.editors.behavior.SnippetSheet: Instance Value: 0
2018-11-15 13:35:36,017 DEBUG [pool-1-thread-2] stencyl.sw.editors.behavior.SnippetSheet: Instance Value: 0
2018-11-15 13:35:36,017 DEBUG [pool-1-thread-2] stencyl.sw.editors.behavior.SnippetSheet: Instance Value: 0
2018-11-15 13:35:36,017 DEBUG [pool-1-thread-2] stencyl.sw.editors.behavior.SnippetSheet: Instance Value: 0
2018-11-15 13:35:36,033 DEBUG [pool-1-thread-2] stencyl.core.lib.io.read.SceneReader: Reading header for Scene: 5 (Notes) from: scenes\5.xml
2018-11-15 13:35:36,033 DEBUG [pool-1-thread-2] stencyl.sw.io.write.resource.SpriteWriter: Mark actor's sprite as clean (disk).
2018-11-15 13:35:36,033 DEBUG [pool-1-thread-2] stencyl.sw.io.write.resource.SpriteWriter: Mark actor's sprite as clean (disk).
2018-11-15 13:35:36,033 DEBUG [pool-1-thread-2] stencyl.sw.io.write.resource.FontWriter: Mark font as clean (disk).
2018-11-15 13:35:36,033 DEBUG [pool-1-thread-2] stencyl.sw.io.write.resource.FontWriter: Mark font as clean (disk).
2018-11-15 13:35:36,033 DEBUG [pool-1-thread-2] stencyl.sw.io.write.resource.SpriteWriter: Mark actor's sprite as clean (disk).
2018-11-15 13:35:36,033 DEBUG [pool-1-thread-2] stencyl.sw.io.write.resource.BackgroundWriter: Skip writing out Background.
2018-11-15 13:35:36,033 DEBUG [pool-1-thread-2] stencyl.sw.io.write.resource.BackgroundWriter: Mark background as clean (disk).
2018-11-15 13:35:36,033 DEBUG [pool-1-thread-2] stencyl.sw.io.write.resource.SpriteWriter: Mark actor's sprite as clean (disk).
2018-11-15 13:35:36,033 DEBUG [pool-1-thread-2] stencyl.sw.io.write.resource.SpriteWriter: Mark actor's sprite as clean (disk).
2018-11-15 13:35:36,033 DEBUG [pool-1-thread-2] stencyl.sw.io.write.resource.SpriteWriter: Mark actor's sprite as clean (disk).
2018-11-15 13:35:36,033 DEBUG [pool-1-thread-2] stencyl.sw.io.write.resource.SpriteWriter: Mark actor's sprite as clean (disk).
2018-11-15 13:35:36,033 DEBUG [pool-1-thread-2] stencyl.sw.io.write.resource.BackgroundWriter: Skip writing out Background.
2018-11-15 13:35:36,033 DEBUG [pool-1-thread-2] stencyl.sw.io.write.resource.BackgroundWriter: Mark background as clean (disk).
2018-11-15 13:35:36,033 DEBUG [pool-1-thread-2] stencyl.sw.io.write.resource.SpriteWriter: Mark actor's sprite as clean (disk).
2018-11-15 13:35:36,033 DEBUG [pool-1-thread-2] stencyl.sw.io.write.resource.SpriteWriter: Mark actor's sprite as clean (disk).
2018-11-15 13:35:36,033 DEBUG [pool-1-thread-2] stencyl.sw.io.write.resource.SpriteWriter: Mark actor's sprite as clean (disk).
2018-11-15 13:35:36,033 DEBUG [pool-1-thread-2] stencyl.sw.io.write.resource.TilesetWriter: Mark tileset as clean (disk).
2018-11-15 13:35:36,033 DEBUG [pool-1-thread-2] stencyl.sw.io.write.resource.SpriteWriter: Mark actor's sprite as clean (disk).
2018-11-15 13:35:36,048 DEBUG [pool-1-thread-2] stencyl.sw.io.write.MasterWriter: Writing out scenes.
2018-11-15 13:35:36,048 DEBUG [pool-1-thread-2] stencyl.sw.io.write.MasterWriter: Copying over snippets.
2018-11-15 13:35:36,064 DEBUG [pool-1-thread-2] stencyl.sw.util.FileHelper: Saving backup file C:\Users\Eterzian1914\Desktop\stencylworks\stencylworks\games\Platformer E\snippets\list.xml.bak.
2018-11-15 13:35:36,064 DEBUG [pool-1-thread-2] stencyl.sw.editors.snippet.designer.block.Block: Write out thisActor
2018-11-15 13:35:36,064 DEBUG [pool-1-thread-2] stencyl.sw.editors.snippet.designer.block.Block: Write out thisActor
2018-11-15 13:35:36,064 DEBUG [pool-1-thread-2] stencyl.sw.editors.snippet.designer.block.Block: Write out thisActor
2018-11-15 13:35:36,064 DEBUG [pool-1-thread-2] stencyl.sw.editors.snippet.designer.block.Block: Write out thisActor
2018-11-15 13:35:36,064 DEBUG [pool-1-thread-2] stencyl.sw.editors.snippet.designer.block.Block: Write out thisActor
2018-11-15 13:35:36,064 DEBUG [pool-1-thread-2] stencyl.sw.editors.snippet.designer.block.Block: Write out thisActor
2018-11-15 13:35:36,064 DEBUG [pool-1-thread-2] stencyl.sw.editors.snippet.designer.block.Block: Write out thisActor
2018-11-15 13:35:36,064 DEBUG [pool-1-thread-2] stencyl.sw.editors.snippet.designer.block.Block: Write out thisActor
2018-11-15 13:35:36,064 DEBUG [pool-1-thread-2] stencyl.sw.editors.snippet.designer.block.Block: Write out thisActor
2018-11-15 13:35:36,064 DEBUG [pool-1-thread-2] stencyl.sw.editors.snippet.designer.block.Block: Write out thisActor
2018-11-15 13:35:36,064 DEBUG [pool-1-thread-2] stencyl.sw.editors.snippet.designer.block.Block: Write out thisActor
2018-11-15 13:35:36,064 DEBUG [pool-1-thread-2] stencyl.sw.editors.snippet.designer.block.Block: Write out thisActor
2018-11-15 13:35:36,064 DEBUG [pool-1-thread-2] stencyl.sw.editors.snippet.designer.block.Block: Write out thisActor
2018-11-15 13:35:36,064 DEBUG [pool-1-thread-2] stencyl.sw.editors.snippet.designer.block.Block: Write out thisActor
2018-11-15 13:35:36,064 DEBUG [pool-1-thread-2] stencyl.sw.editors.snippet.designer.block.Block: Write out thisActor
2018-11-15 13:35:36,064 DEBUG [pool-1-thread-2] stencyl.sw.editors.snippet.designer.block.Block: Write out thisActor
2018-11-15 13:35:36,064 DEBUG [pool-1-thread-2] stencyl.sw.editors.snippet.designer.block.Block: Write out thisActor
2018-11-15 13:35:36,064 DEBUG [pool-1-thread-2] stencyl.sw.editors.snippet.designer.block.Block: Write out thisActor
2018-11-15 13:35:36,064 DEBUG [pool-1-thread-2] stencyl.sw.editors.snippet.designer.block.Block: Write out thisActor
2018-11-15 13:35:36,064 DEBUG [pool-1-thread-2] stencyl.sw.editors.snippet.designer.block.Block: Write out generic element ID: 1
2018-11-15 13:35:36,064 DEBUG [pool-1-thread-2] stencyl.sw.editors.snippet.designer.block.Block: Write out thisActor
2018-11-15 13:35:36,220 DEBUG [pool-1-thread-2] stencyl.sw.io.write.resource.SnippetsWriter: Copy from opened to disk: ActorEvents_2
2018-11-15 13:35:36,220 DEBUG [pool-1-thread-2] stencyl.sw.editors.snippet.designer.block.Block: Write out thisActor
2018-11-15 13:35:36,220 DEBUG [pool-1-thread-2] stencyl.sw.editors.snippet.designer.block.Block: Write out thisActor
2018-11-15 13:35:36,220 DEBUG [pool-1-thread-2] stencyl.sw.editors.snippet.designer.block.Block: Write out thisActor
2018-11-15 13:35:36,220 DEBUG [pool-1-thread-2] stencyl.sw.editors.snippet.designer.block.Block: Write out thisActor
2018-11-15 13:35:36,220 DEBUG [pool-1-thread-2] stencyl.sw.editors.snippet.designer.block.Block: Write out thisActor
2018-11-15 13:35:36,236 DEBUG [pool-1-thread-2] stencyl.sw.editors.snippet.designer.block.Block: Write out thisActor
2018-11-15 13:35:36,236 DEBUG [pool-1-thread-2] stencyl.sw.editors.snippet.designer.block.Block: Write out thisActor
2018-11-15 13:35:36,236 DEBUG [pool-1-thread-2] stencyl.sw.editors.snippet.designer.block.Block: Write out thisActor
2018-11-15 13:35:36,236 DEBUG [pool-1-thread-2] stencyl.sw.editors.snippet.designer.block.Block: Write out thisActor
2018-11-15 13:35:36,236 DEBUG [pool-1-thread-2] stencyl.sw.editors.snippet.designer.block.Block: Write out thisActor
2018-11-15 13:35:36,236 DEBUG [pool-1-thread-2] stencyl.sw.editors.snippet.designer.block.Block: Write out thisActor
2018-11-15 13:35:36,236 DEBUG [pool-1-thread-2] stencyl.sw.editors.snippet.designer.block.Block: Write out thisActor
2018-11-15 13:35:36,236 DEBUG [pool-1-thread-2] stencyl.sw.editors.snippet.designer.block.Block: Write out thisActor
2018-11-15 13:35:36,236 DEBUG [pool-1-thread-2] stencyl.sw.editors.snippet.designer.block.Block: Write out thisActor
2018-11-15 13:35:36,236 DEBUG [pool-1-thread-2] stencyl.sw.editors.snippet.designer.block.Block: Write out thisActor
2018-11-15 13:35:36,236 DEBUG [pool-1-thread-2] stencyl.sw.editors.snippet.designer.block.Block: Write out thisActor
2018-11-15 13:35:36,236 DEBUG [pool-1-thread-2] stencyl.sw.editors.snippet.designer.block.Block: Write out thisActor
2018-11-15 13:35:36,236 DEBUG [pool-1-thread-2] stencyl.sw.editors.snippet.designer.block.Block: Write out thisActor
2018-11-15 13:35:36,236 DEBUG [pool-1-thread-2] stencyl.sw.editors.snippet.designer.block.Block: Write out thisActor
2018-11-15 13:35:36,236 DEBUG [pool-1-thread-2] stencyl.sw.editors.snippet.designer.block.Block: Write out generic element ID: 1
2018-11-15 13:35:36,236 DEBUG [pool-1-thread-2] stencyl.sw.editors.snippet.designer.block.Block: Write out thisActor
2018-11-15 13:35:36,236 DEBUG [pool-1-thread-2] stencyl.sw.util.FileHelper: Trying to delete file that does not exist: C:\Users\Eterzian1914\Desktop\stencylworks\stencylworks\games\Platformer E\behavior-hx\ActorEvents_2.hx
2018-11-15 13:35:36,236 DEBUG [pool-1-thread-2] stencyl.sw.io.write.resource.SnippetsWriter: Copied to: C:\Users\Eterzian1914\Desktop\stencylworks\stencylworks\games\Platformer E\snippets\ActorEvents_2.design
2018-11-15 13:35:36,329 DEBUG [pool-1-thread-2] stencyl.sw.io.write.MasterWriter: Saving block favorites.
2018-11-15 13:35:36,329 INFO  [pool-1-thread-2] stencyl.sw.io.write.MasterWriter: Done writing game.
2018-11-15 13:35:36,392 DEBUG [AWT-EventQueue-0] stencyl.sw.app.doc.Workspace: Resetting workspace.
2018-11-15 13:35:36,392 DEBUG [AWT-EventQueue-0] stencyl.sw.app.doc.Workspace: Activated: Dashboard
2018-11-15 13:35:36,392 DEBUG [AWT-EventQueue-0] stencyl.sw.app.doc.Workspace: Closed Document: Diver2
2018-11-15 13:35:36,423 DEBUG [AWT-EventQueue-0] stencyl.sw.app.doc.Workspace: Activated: Welcome Center
2018-11-15 13:35:37,126 INFO  [AWT-EventQueue-0] stencyl.sw.app.App: Attempting to quit out of Stencyl.
2018-11-15 13:35:37,126 DEBUG [AWT-EventQueue-0] stencyl.sw.util.Util: Running command: [taskkill, /im, neko.exe, /f]
2018-11-15 13:35:37,189 OFF   [Thread-7] stencyl.sw.util.StreamGobbler: [taskkill] ERROR: The process "neko.exe" not found.
2018-11-15 13:35:37,189 DEBUG [AWT-EventQueue-0] stencyl.sw.util.Util: Process 'taskkill' exited with code: 128
2018-11-15 13:35:37,189 DEBUG [AWT-EventQueue-0] stencyl.sw.util.Util: Running command: [taskkill, /im, adb.exe, /f]
2018-11-15 13:35:37,251 OFF   [Thread-8] stencyl.sw.util.StreamGobbler: [taskkill] ERROR: The process "adb.exe" not found.
2018-11-15 13:35:37,267 DEBUG [AWT-EventQueue-0] stencyl.sw.util.Util: Process 'taskkill' exited with code: 128
2018-11-15 13:35:37,267 DEBUG [AWT-EventQueue-0] stencyl.sw.util.Util: Running command: [taskkill, /im, arm-linux-androideabi-g++.exe, /f]
2018-11-15 13:35:37,329 OFF   [Thread-9] stencyl.sw.util.StreamGobbler: [taskkill] ERROR: The process "arm-linux-androideabi-g++.exe" not found.
2018-11-15 13:35:37,329 DEBUG [AWT-EventQueue-0] stencyl.sw.util.Util: Process 'taskkill' exited with code: 128
2018-11-15 13:35:37,329 DEBUG [AWT-EventQueue-0] stencyl.sw.util.Util: Running command: [taskkill, /im, cc1plus.exe, /f]
2018-11-15 13:35:37,392 OFF   [Thread-10] stencyl.sw.util.StreamGobbler: [taskkill] ERROR: The process "cc1plus.exe" not found.
2018-11-15 13:35:37,392 DEBUG [AWT-EventQueue-0] stencyl.sw.util.Util: Process 'taskkill' exited with code: 128
2018-11-15 13:35:37,392 DEBUG [AWT-EventQueue-0] stencyl.sw.util.Util: Running command: [taskkill, /im, tail.exe, /f]
2018-11-15 13:35:37,454 OFF   [Thread-11] stencyl.sw.util.StreamGobbler: [taskkill] ERROR: The process "tail.exe" not found.
2018-11-15 13:35:37,470 DEBUG [AWT-EventQueue-0] stencyl.sw.util.Util: Process 'taskkill' exited with code: 128
2018-11-15 13:35:37,470 DEBUG [AWT-EventQueue-0] stencyl.sw.util.Util: Running command: [taskkill, /im, ios-sim.exe, /f]
2018-11-15 13:35:37,517 OFF   [Thread-12] stencyl.sw.util.StreamGobbler: [taskkill] ERROR: The process "ios-sim.exe" not found.
2018-11-15 13:35:37,532 DEBUG [AWT-EventQueue-0] stencyl.sw.util.Util: Process 'taskkill' exited with code: 128
2018-11-15 13:35:37,532 DEBUG [AWT-EventQueue-0] stencyl.sw.app.App: Destroying extensions.
2018-11-15 13:35:37,532 DEBUG [AWT-EventQueue-0] stencyl.sw.app.App: Performing final close.
2018-11-15 13:35:37,532 INFO  [AWT-EventQueue-0] stencyl.sw.app.App: Exiting...
2018-11-15 13:35:37,532 DEBUG [AWT-EventQueue-0] stencyl.sw.app.App: Destroying Temporary Sandbox.
2018-11-15 13:35:37,532 DEBUG [AWT-EventQueue-0] stencyl.sw.util.FileHelper: Deleting: C:\Users\Eterzian1914\AppData\Local\Temp\stencyl3909064481934445361
